[14-04-2022 09:12:04] Error E_ERROR: Maximum execution time of 120 seconds exceeded in C:\xampp\htdocs\wordpress\wp-content\plugins\elementor\core\schemes\typography.php:4
[14-04-2022 09:12:48] Error E_WARNING: A non-numeric value encountered in C:\xampp\htdocs\wordpress\wp-content\plugins\elementor\includes\libraries\bfi-thumb\bfi-thumb.php:748
[14-04-2022 09:12:48] Error E_WARNING: A non-numeric value encountered in C:\xampp\htdocs\wordpress\wp-content\plugins\elementor\includes\libraries\bfi-thumb\bfi-thumb.php:748
[14-04-2022 09:12:48] Error E_WARNING: A non-numeric value encountered in C:\xampp\htdocs\wordpress\wp-content\plugins\elementor\includes\libraries\bfi-thumb\bfi-thumb.php:748
[14-04-2022 09:12:48] Error E_WARNING: A non-numeric value encountered in C:\xampp\htdocs\wordpress\wp-content\plugins\elementor\includes\libraries\bfi-thumb\bfi-thumb.php:750
[14-04-2022 09:12:48] Error E_WARNING: A non-numeric value encountered in C:\xampp\htdocs\wordpress\wp-includes\media.php:598
[14-04-2022 09:12:48] Error E_WARNING: A non-numeric value encountered in C:\xampp\htdocs\wordpress\wp-includes\media.php:600
[14-04-2022 09:12:48] Error E_WARNING: A non-numeric value encountered in C:\xampp\htdocs\wordpress\wp-content\plugins\elementor\includes\libraries\bfi-thumb\bfi-thumb.php:748
[14-04-2022 09:12:48] Error E_WARNING: A non-numeric value encountered in C:\xampp\htdocs\wordpress\wp-content\plugins\elementor\includes\libraries\bfi-thumb\bfi-thumb.php:748
[14-04-2022 09:12:48] Error E_WARNING: A non-numeric value encountered in C:\xampp\htdocs\wordpress\wp-includes\media.php:598
r\includes\libraries\bfi-thumb\bfi-thumb.php:750
[14-04-2022 09:12:48] Error E_WARNING: A non-numeric value encountered in C:\xampp\htdocs\wordpress\wp-includes\media.php:598
[14-04-2022 09:12:48] Error E_WARNING: A non-numeric value encountered in C:\xampp\htdocs\wordpress\wp-includes\media.php:600
s\media.php:3669
[14-04-2022 09:12:48] Error E_WARNING: imagecreatetruecolor(): Invalid image dimensions in C:\xampp\htdocs\wordpress\wp-includes\media.php:3669
[14-04-2022 09:12:48] Error E_WARNING: imagecreatetruecolor(): Invalid image dimensions in C:\xampp\htdocs\wordpress\wp-includes\media.php:3669
[14-04-2022 09:12:48] Error E_WARNING: imagecopyresampled() expects parameter 1 to be resource, bool given in C:\xampp\htdocs\wordpress\wp-includes\class-wp-image-editor-gd.php:206
[14-04-2022 10:03:02] Error E_ERROR: Uncaught Error: Class 'pinterpowerPlugin' not found in C:\xampp\htdocs\wordpress\wp-content\plugins\pinterpower\pinterpower.php:16
Stack trace:
#0 C:\xampp\htdocs\wordpress\wp-admin\includes\plugin.php(2288): include_once()
#1 C:\xampp\htdocs\wordpress\wp-admin\includes\plugin.php(659): plugin_sandbox_scrape('pinterpower/pin...')
#2 C:\xampp\htdocs\wordpress\wp-admin\plugins.php(58): activate_plugin('pinterpower/pin...', 'http://localhos...', false)
#3 {main}
  thrown in C:\xampp\htdocs\wordpress\wp-content\plugins\pinterpower\pinterpower.php:16
[14-04-2022 10:03:06] Error E_ERROR: Uncaught Error: Class 'pinterpowerPlugin' not found in C:\xampp\htdocs\wordpress\wp-content\plugins\pinterpower\pinterpower.php:16
Stack trace:
#0 C:\xampp\htdocs\wordpress\wp-admin\includes\plugin.php(2288): include_once()
#1 C:\xampp\htdocs\wordpress\wp-admin\plugins.php(192): plugin_sandbox_scrape('pinterpower/pin...')
#2 {main}
  thrown in C:\xampp\htdocs\wordpress\wp-content\plugins\pinterpower\pinterpower.php:16
[14-04-2022 10:03:06] Error E_ERROR: Uncaught Error: Class 'pinterpowerPlugin' not found in C:\xampp\htdocs\wordpress\wp-content\plugins\pinterpower\pinterpower.php:16
Stack trace:
#0 C:\xampp\htdocs\wordpress\wp-admin\includes\plugin.php(2288): include_once()
#1 C:\xampp\htdocs\wordpress\wp-admin\plugins.php(192): plugin_sandbox_scrape('pinterpower/pin...')
#2 {main}
  thrown in C:\xampp\htdocs\wordpress\wp-content\plugins\pinterpower\pinterpower.php:16
[14-04-2022 10:03:17] Error E_ERROR: Uncaught Error: Class 'pinterpowerPlugin' not found in C:\xampp\htdocs\wordpress\wp-content\plugins\pinterpower\pinterpower.php:16
Stack trace:
#0 C:\xampp\htdocs\wordpress\wp-admin\includes\plugin.php(2288): include_once()
#1 C:\xampp\htdocs\wordpress\wp-admin\includes\plugin.php(659): plugin_sandbox_scrape('pinterpower/pin...')
#2 C:\xampp\htdocs\wordpress\wp-admin\plugins.php(58): activate_plugin('pinterpower/pin...', 'http://localhos...', false)
#3 {main}
  thrown in C:\xampp\htdocs\wordpress\wp-content\plugins\pinterpower\pinterpower.php:16
[14-04-2022 10:03:21] Error E_ERROR: Uncaught Error: Class 'pinterpowerPlugin' not found in C:\xampp\htdocs\wordpress\wp-content\plugins\pinterpower\pinterpower.php:16
Stack trace:
#0 C:\xampp\htdocs\wordpress\wp-admin\includes\plugin.php(2288): include_once()
#1 C:\xampp\htdocs\wordpress\wp-admin\plugins.php(192): plugin_sandbox_scrape('pinterpower/pin...')
#2 {main}
  thrown in C:\xampp\htdocs\wordpress\wp-content\plugins\pinterpower\pinterpower.php:16
[14-04-2022 10:03:21] Error E_ERROR: Uncaught Error: Class 'pinterpowerPlugin' not found in C:\xampp\htdocs\wordpress\wp-content\plugins\pinterpower\pinterpower.php:16
Stack trace:
#0 C:\xampp\htdocs\wordpress\wp-admin\includes\plugin.php(2288): include_once()
#1 C:\xampp\htdocs\wordpress\wp-admin\plugins.php(192): plugin_sandbox_scrape('pinterpower/pin...')
#2 {main}
  thrown in C:\xampp\htdocs\wordpress\wp-content\plugins\pinterpower\pinterpower.php:16
[14-04-2022 10:03:38] Error E_ERROR: Uncaught Error: Class 'pinterpowerPlugin' not found in C:\xampp\htdocs\wordpress\wp-content\plugins\pinterpower\pinterpower.php:16
Stack trace:
#0 C:\xampp\htdocs\wordpress\wp-admin\includes\plugin.php(2288): include_once()
#1 C:\xampp\htdocs\wordpress\wp-admin\includes\plugin.php(659): plugin_sandbox_scrape('pinterpower/pin...')
#2 C:\xampp\htdocs\wordpress\wp-admin\plugins.php(58): activate_plugin('pinterpower/pin...', 'http://localhos...', false)
#3 {main}
  thrown in C:\xampp\htdocs\wordpress\wp-content\plugins\pinterpower\pinterpower.php:16
[14-04-2022 10:03:41] Error E_ERROR: Uncaught Error: Class 'pinterpowerPlugin' not found in C:\xampp\htdocs\wordpress\wp-content\plugins\pinterpower\pinterpower.php:16
Stack trace:
#0 C:\xampp\htdocs\wordpress\wp-admin\includes\plugin.php(2288): include_once()
#1 C:\xampp\htdocs\wordpress\wp-admin\plugins.php(192): plugin_sandbox_scrape('pinterpower/pin...')
#2 {main}
  thrown in C:\xampp\htdocs\wordpress\wp-content\plugins\pinterpower\pinterpower.php:16
[14-04-2022 10:03:42] Error E_ERROR: Uncaught Error: Class 'pinterpowerPlugin' not found in C:\xampp\htdocs\wordpress\wp-content\plugins\pinterpower\pinterpower.php:16
Stack trace:
#0 C:\xampp\htdocs\wordpress\wp-admin\includes\plugin.php(2288): include_once()
#1 C:\xampp\htdocs\wordpress\wp-admin\plugins.php(192): plugin_sandbox_scrape('pinterpower/pin...')
#2 {main}
  thrown in C:\xampp\htdocs\wordpress\wp-content\plugins\pinterpower\pinterpower.php:16
[14-04-2022 10:03:49] Error E_ERROR: Uncaught Error: Class 'pinterpowerPlugin' not found in C:\xampp\htdocs\wordpress\wp-content\plugins\pinterpower\pinterpower.php:16
Stack trace:
#0 C:\xampp\htdocs\wordpress\wp-admin\includes\plugin.php(2288): include_once()
#1 C:\xampp\htdocs\wordpress\wp-admin\includes\plugin.php(659): plugin_sandbox_scrape('pinterpower/pin...')
#2 C:\xampp\htdocs\wordpress\wp-admin\plugins.php(58): activate_plugin('pinterpower/pin...', 'http://localhos...', false)
#3 {main}
  thrown in C:\xampp\htdocs\wordpress\wp-content\plugins\pinterpower\pinterpower.php:16
[14-04-2022 10:03:53] Error E_ERROR: Uncaught Error: Class 'pinterpowerPlugin' not found in C:\xampp\htdocs\wordpress\wp-content\plugins\pinterpower\pinterpower.php:16
Stack trace:
#0 C:\xampp\htdocs\wordpress\wp-admin\includes\plugin.php(2288): include_once()
#1 C:\xampp\htdocs\wordpress\wp-admin\plugins.php(192): plugin_sandbox_scrape('pinterpower/pin...')
#2 {main}
  thrown in C:\xampp\htdocs\wordpress\wp-content\plugins\pinterpower\pinterpower.php:16
[14-04-2022 10:03:53] Error E_ERROR: Uncaught Error: Class 'pinterpowerPlugin' not found in C:\xampp\htdocs\wordpress\wp-content\plugins\pinterpower\pinterpower.php:16
Stack trace:
#0 C:\xampp\htdocs\wordpress\wp-admin\includes\plugin.php(2288): include_once()
#1 C:\xampp\htdocs\wordpress\wp-admin\plugins.php(192): plugin_sandbox_scrape('pinterpower/pin...')
#2 {main}
  thrown in C:\xampp\htdocs\wordpress\wp-content\plugins\pinterpower\pinterpower.php:16
[14-04-2022 10:05:21] Error E_ERROR: Uncaught Error: Class 'pinterpowerPlugin' not found in C:\xampp\htdocs\wordpress\wp-content\plugins\pinterpower\pinterpower.php:16
Stack trace:
#0 C:\xampp\htdocs\wordpress\wp-admin\includes\plugin.php(2288): include_once()
#1 C:\xampp\htdocs\wordpress\wp-admin\includes\plugin.php(659): plugin_sandbox_scrape('pinterpower/pin...')
#2 C:\xampp\htdocs\wordpress\wp-admin\plugins.php(58): activate_plugin('pinterpower/pin...', 'http://localhos...', false)
#3 {main}
  thrown in C:\xampp\htdocs\wordpress\wp-content\plugins\pinterpower\pinterpower.php:16
[14-04-2022 10:05:24] Error E_ERROR: Uncaught Error: Class 'pinterpowerPlugin' not found in C:\xampp\htdocs\wordpress\wp-content\plugins\pinterpower\pinterpower.php:16
Stack trace:
#0 C:\xampp\htdocs\wordpress\wp-admin\includes\plugin.php(2288): include_once()
#1 C:\xampp\htdocs\wordpress\wp-admin\plugins.php(192): plugin_sandbox_scrape('pinterpower/pin...')
#2 {main}
  thrown in C:\xampp\htdocs\wordpress\wp-content\plugins\pinterpower\pinterpower.php:16
[14-04-2022 10:05:24] Error E_ERROR: Uncaught Error: Class 'pinterpowerPlugin' not found in C:\xampp\htdocs\wordpress\wp-content\plugins\pinterpower\pinterpower.php:16
Stack trace:
#0 C:\xampp\htdocs\wordpress\wp-admin\includes\plugin.php(2288): include_once()
#1 C:\xampp\htdocs\wordpress\wp-admin\plugins.php(192): plugin_sandbox_scrape('pinterpower/pin...')
#2 {main}
  thrown in C:\xampp\htdocs\wordpress\wp-content\plugins\pinterpower\pinterpower.php:16
[14-04-2022 12:15:41] Error E_ERROR: Uncaught Error: Class 'PentiminaxPlugin' not found in C:\xampp\htdocs\wordpress\wp-content\plugins\Pentiminax\Pentiminax.php:14
Stack trace:
#0 C:\xampp\htdocs\wordpress\wp-admin\includes\plugin.php(2288): include_once()
#1 C:\xampp\htdocs\wordpress\wp-admin\includes\plugin.php(659): plugin_sandbox_scrape('Pentiminax/Pent...')
#2 C:\xampp\htdocs\wordpress\wp-admin\plugins.php(58): activate_plugin('Pentiminax/Pent...', 'http://localhos...', false)
#3 {main}
  thrown in C:\xampp\htdocs\wordpress\wp-content\plugins\Pentiminax\Pentiminax.php:14
[14-04-2022 12:15:43] Error E_ERROR: Uncaught Error: Class 'PentiminaxPlugin' not found in C:\xampp\htdocs\wordpress\wp-content\plugins\Pentiminax\Pentiminax.php:14
Stack trace:
#0 C:\xampp\htdocs\wordpress\wp-admin\includes\plugin.php(2288): include_once()
#1 C:\xampp\htdocs\wordpress\wp-admin\plugins.php(192): plugin_sandbox_scrape('Pentiminax/Pent...')
#2 {main}
  thrown in C:\xampp\htdocs\wordpress\wp-content\plugins\Pentiminax\Pentiminax.php:14
[14-04-2022 12:15:43] Error E_ERROR: Uncaught Error: Class 'PentiminaxPlugin' not found in C:\xampp\htdocs\wordpress\wp-content\plugins\Pentiminax\Pentiminax.php:14
Stack trace:
#0 C:\xampp\htdocs\wordpress\wp-admin\includes\plugin.php(2288): include_once()
#1 C:\xampp\htdocs\wordpress\wp-admin\plugins.php(192): plugin_sandbox_scrape('Pentiminax/Pent...')
#2 {main}
  thrown in C:\xampp\htdocs\wordpress\wp-content\plugins\Pentiminax\Pentiminax.php:14
[14-04-2022 12:16:53] Error E_ERROR: Uncaught Error: Class 'PentiminaxPlugin' not found in C:\xampp\htdocs\wordpress\wp-content\plugins\Pentiminax\Pentiminax.php:14
Stack trace:
#0 C:\xampp\htdocs\wordpress\wp-admin\includes\plugin.php(2288): include_once()
#1 C:\xampp\htdocs\wordpress\wp-admin\includes\plugin.php(659): plugin_sandbox_scrape('Pentiminax/Pent...')
#2 C:\xampp\htdocs\wordpress\wp-admin\plugins.php(58): activate_plugin('Pentiminax/Pent...', 'http://localhos...', false)
#3 {main}
  thrown in C:\xampp\htdocs\wordpress\wp-content\plugins\Pentiminax\Pentiminax.php:14
[14-04-2022 12:16:55] Error E_ERROR: Uncaught Error: Class 'PentiminaxPlugin' not found in C:\xampp\htdocs\wordpress\wp-content\plugins\Pentiminax\Pentiminax.php:14
Stack trace:
#0 C:\xampp\htdocs\wordpress\wp-admin\includes\plugin.php(2288): include_once()
#1 C:\xampp\htdocs\wordpress\wp-admin\plugins.php(192): plugin_sandbox_scrape('Pentiminax/Pent...')
#2 {main}
  thrown in C:\xampp\htdocs\wordpress\wp-content\plugins\Pentiminax\Pentiminax.php:14
[14-04-2022 12:16:55] Error E_ERROR: Uncaught Error: Class 'PentiminaxPlugin' not found in C:\xampp\htdocs\wordpress\wp-content\plugins\Pentiminax\Pentiminax.php:14
Stack trace:
#0 C:\xampp\htdocs\wordpress\wp-admin\includes\plugin.php(2288): include_once()
#1 C:\xampp\htdocs\wordpress\wp-admin\plugins.php(192): plugin_sandbox_scrape('Pentiminax/Pent...')
#2 {main}
  thrown in C:\xampp\htdocs\wordpress\wp-content\plugins\Pentiminax\Pentiminax.php:14
[14-04-2022 12:17:11] Error E_ERROR: Uncaught Error: Class 'PentiminaxPlugin' not found in C:\xampp\htdocs\wordpress\wp-content\plugins\Pentiminax\Pentiminax.php:14
Stack trace:
#0 C:\xampp\htdocs\wordpress\wp-admin\includes\plugin.php(2288): include_once()
#1 C:\xampp\htdocs\wordpress\wp-admin\includes\plugin.php(659): plugin_sandbox_scrape('Pentiminax/Pent...')
#2 C:\xampp\htdocs\wordpress\wp-admin\plugins.php(58): activate_plugin('Pentiminax/Pent...', 'http://localhos...', false)
#3 {main}
  thrown in C:\xampp\htdocs\wordpress\wp-content\plugins\Pentiminax\Pentiminax.php:14
[14-04-2022 12:17:14] Error E_ERROR: Uncaught Error: Class 'PentiminaxPlugin' not found in C:\xampp\htdocs\wordpress\wp-content\plugins\Pentiminax\Pentiminax.php:14
Stack trace:
#0 C:\xampp\htdocs\wordpress\wp-admin\includes\plugin.php(2288): include_once()
#1 C:\xampp\htdocs\wordpress\wp-admin\plugins.php(192): plugin_sandbox_scrape('Pentiminax/Pent...')
#2 {main}
  thrown in C:\xampp\htdocs\wordpress\wp-content\plugins\Pentiminax\Pentiminax.php:14
[14-04-2022 12:17:14] Error E_ERROR: Uncaught Error: Class 'PentiminaxPlugin' not found in C:\xampp\htdocs\wordpress\wp-content\plugins\Pentiminax\Pentiminax.php:14
Stack trace:
#0 C:\xampp\htdocs\wordpress\wp-admin\includes\plugin.php(2288): include_once()
#1 C:\xampp\htdocs\wordpress\wp-admin\plugins.php(192): plugin_sandbox_scrape('Pentiminax/Pent...')
#2 {main}
  thrown in C:\xampp\htdocs\wordpress\wp-content\plugins\Pentiminax\Pentiminax.php:14
[14-04-2022 12:17:33] Error E_ERROR: Uncaught Error: Class 'PentiminaxPlugin' not found in C:\xampp\htdocs\wordpress\wp-content\plugins\Pentiminax\Pentiminax.php:14
Stack trace:
#0 C:\xampp\htdocs\wordpress\wp-admin\includes\plugin.php(2288): include_once()
#1 C:\xampp\htdocs\wordpress\wp-admin\includes\plugin.php(659): plugin_sandbox_scrape('Pentiminax/Pent...')
#2 C:\xampp\htdocs\wordpress\wp-admin\plugins.php(58): activate_plugin('Pentiminax/Pent...', 'http://localhos...', false)
#3 {main}
  thrown in C:\xampp\htdocs\wordpress\wp-content\plugins\Pentiminax\Pentiminax.php:14
[14-04-2022 12:17:35] Error E_ERROR: Uncaught Error: Class 'PentiminaxPlugin' not found in C:\xampp\htdocs\wordpress\wp-content\plugins\Pentiminax\Pentiminax.php:14
Stack trace:
#0 C:\xampp\htdocs\wordpress\wp-admin\includes\plugin.php(2288): include_once()
#1 C:\xampp\htdocs\wordpress\wp-admin\plugins.php(192): plugin_sandbox_scrape('Pentiminax/Pent...')
#2 {main}
  thrown in C:\xampp\htdocs\wordpress\wp-content\plugins\Pentiminax\Pentiminax.php:14
[14-04-2022 12:17:36] Error E_ERROR: Uncaught Error: Class 'PentiminaxPlugin' not found in C:\xampp\htdocs\wordpress\wp-content\plugins\Pentiminax\Pentiminax.php:14
Stack trace:
#0 C:\xampp\htdocs\wordpress\wp-admin\includes\plugin.php(2288): include_once()
#1 C:\xampp\htdocs\wordpress\wp-admin\plugins.php(192): plugin_sandbox_scrape('Pentiminax/Pent...')
#2 {main}
  thrown in C:\xampp\htdocs\wordpress\wp-content\plugins\Pentiminax\Pentiminax.php:14
[14-04-2022 12:19:23] Error E_ERROR: Uncaught Error: Class 'PentiminaxPlugin' not found in C:\xampp\htdocs\wordpress\wp-content\plugins\Pentiminax\Pentiminax.php:14
Stack trace:
#0 C:\xampp\htdocs\wordpress\wp-admin\includes\plugin.php(2288): include_once()
#1 C:\xampp\htdocs\wordpress\wp-admin\includes\plugin.php(659): plugin_sandbox_scrape('Pentiminax/Pent...')
#2 C:\xampp\htdocs\wordpress\wp-admin\plugins.php(58): activate_plugin('Pentiminax/Pent...', 'http://localhos...', false)
#3 {main}
  thrown in C:\xampp\htdocs\wordpress\wp-content\plugins\Pentiminax\Pentiminax.php:14
[14-04-2022 12:19:26] Error E_ERROR: Uncaught Error: Class 'PentiminaxPlugin' not found in C:\xampp\htdocs\wordpress\wp-content\plugins\Pentiminax\Pentiminax.php:14
Stack trace:
#0 C:\xampp\htdocs\wordpress\wp-admin\includes\plugin.php(2288): include_once()
#1 C:\xampp\htdocs\wordpress\wp-admin\plugins.php(192): plugin_sandbox_scrape('Pentiminax/Pent...')
#2 {main}
  thrown in C:\xampp\htdocs\wordpress\wp-content\plugins\Pentiminax\Pentiminax.php:14
[14-04-2022 12:19:26] Error E_ERROR: Uncaught Error: Class 'PentiminaxPlugin' not found in C:\xampp\htdocs\wordpress\wp-content\plugins\Pentiminax\Pentiminax.php:14
Stack trace:
#0 C:\xampp\htdocs\wordpress\wp-admin\includes\plugin.php(2288): include_once()
#1 C:\xampp\htdocs\wordpress\wp-admin\plugins.php(192): plugin_sandbox_scrape('Pentiminax/Pent...')
#2 {main}
  thrown in C:\xampp\htdocs\wordpress\wp-content\plugins\Pentiminax\Pentiminax.php:14
[14-04-2022 12:20:24] Error E_ERROR: Uncaught Error: Class 'PentiminaxPlugin' not found in C:\xampp\htdocs\wordpress\wp-content\plugins\Pentiminax\Pentiminax.php:14
Stack trace:
#0 C:\xampp\htdocs\wordpress\wp-admin\includes\plugin.php(2288): include_once()
#1 C:\xampp\htdocs\wordpress\wp-admin\includes\plugin.php(659): plugin_sandbox_scrape('Pentiminax/Pent...')
#2 C:\xampp\htdocs\wordpress\wp-admin\plugins.php(58): activate_plugin('Pentiminax/Pent...', 'http://localhos...', false)
#3 {main}
  thrown in C:\xampp\htdocs\wordpress\wp-content\plugins\Pentiminax\Pentiminax.php:14
[14-04-2022 12:20:27] Error E_ERROR: Uncaught Error: Class 'PentiminaxPlugin' not found in C:\xampp\htdocs\wordpress\wp-content\plugins\Pentiminax\Pentiminax.php:14
Stack trace:
#0 C:\xampp\htdocs\wordpress\wp-admin\includes\plugin.php(2288): include_once()
#1 C:\xampp\htdocs\wordpress\wp-admin\plugins.php(192): plugin_sandbox_scrape('Pentiminax/Pent...')
#2 {main}
  thrown in C:\xampp\htdocs\wordpress\wp-content\plugins\Pentiminax\Pentiminax.php:14
[14-04-2022 12:20:27] Error E_ERROR: Uncaught Error: Class 'PentiminaxPlugin' not found in C:\xampp\htdocs\wordpress\wp-content\plugins\Pentiminax\Pentiminax.php:14
Stack trace:
#0 C:\xampp\htdocs\wordpress\wp-admin\includes\plugin.php(2288): include_once()
#1 C:\xampp\htdocs\wordpress\wp-admin\plugins.php(192): plugin_sandbox_scrape('Pentiminax/Pent...')
#2 {main}
  thrown in C:\xampp\htdocs\wordpress\wp-content\plugins\Pentiminax\Pentiminax.php:14
[14-04-2022 12:24:18] Error E_PARSE: syntax error, unexpected end of file in C:\xampp\htdocs\wordpress\wp-content\plugins\Pentiminax\Pentiminax.php:14
[14-04-2022 12:24:21] Error E_PARSE: syntax error, unexpected end of file in C:\xampp\htdocs\wordpress\wp-content\plugins\Pentiminax\Pentiminax.php:14
[14-04-2022 12:24:21] Error E_PARSE: syntax error, unexpected end of file in C:\xampp\htdocs\wordpress\wp-content\plugins\Pentiminax\Pentiminax.php:14
[14-04-2022 12:24:42] Error E_ERROR: Uncaught Error: Class 'PentiminaxPlugin' not found in C:\xampp\htdocs\wordpress\wp-content\plugins\Pentiminax\Pentiminax.php:14
Stack trace:
#0 C:\xampp\htdocs\wordpress\wp-admin\includes\plugin.php(2288): include_once()
#1 C:\xampp\htdocs\wordpress\wp-admin\includes\plugin.php(659): plugin_sandbox_scrape('Pentiminax/Pent...')
#2 C:\xampp\htdocs\wordpress\wp-admin\plugins.php(58): activate_plugin('Pentiminax/Pent...', 'http://localhos...', false)
#3 {main}
  thrown in C:\xampp\htdocs\wordpress\wp-content\plugins\Pentiminax\Pentiminax.php:14
[14-04-2022 12:24:44] Error E_ERROR: Uncaught Error: Class 'PentiminaxPlugin' not found in C:\xampp\htdocs\wordpress\wp-content\plugins\Pentiminax\Pentiminax.php:14
Stack trace:
#0 C:\xampp\htdocs\wordpress\wp-admin\includes\plugin.php(2288): include_once()
#1 C:\xampp\htdocs\wordpress\wp-admin\plugins.php(192): plugin_sandbox_scrape('Pentiminax/Pent...')
#2 {main}
  thrown in C:\xampp\htdocs\wordpress\wp-content\plugins\Pentiminax\Pentiminax.php:14
[14-04-2022 12:24:45] Error E_ERROR: Uncaught Error: Class 'PentiminaxPlugin' not found in C:\xampp\htdocs\wordpress\wp-content\plugins\Pentiminax\Pentiminax.php:14
Stack trace:
#0 C:\xampp\htdocs\wordpress\wp-admin\includes\plugin.php(2288): include_once()
#1 C:\xampp\htdocs\wordpress\wp-admin\plugins.php(192): plugin_sandbox_scrape('Pentiminax/Pent...')
#2 {main}
  thrown in C:\xampp\htdocs\wordpress\wp-content\plugins\Pentiminax\Pentiminax.php:14
[14-04-2022 12:25:45] Error E_ERROR: Uncaught Error: Class 'PentiminaxPlugin' not found in C:\xampp\htdocs\wordpress\wp-content\plugins\Pentiminax\Pentiminax.php:14
Stack trace:
#0 C:\xampp\htdocs\wordpress\wp-admin\includes\plugin.php(2288): include_once()
#1 C:\xampp\htdocs\wordpress\wp-admin\includes\plugin.php(659): plugin_sandbox_scrape('Pentiminax/Pent...')
#2 C:\xampp\htdocs\wordpress\wp-admin\plugins.php(58): activate_plugin('Pentiminax/Pent...', 'http://localhos...', false)
#3 {main}
  thrown in C:\xampp\htdocs\wordpress\wp-content\plugins\Pentiminax\Pentiminax.php:14
[14-04-2022 12:25:48] Error E_ERROR: Uncaught Error: Class 'PentiminaxPlugin' not found in C:\xampp\htdocs\wordpress\wp-content\plugins\Pentiminax\Pentiminax.php:14
Stack trace:
#0 C:\xampp\htdocs\wordpress\wp-admin\includes\plugin.php(2288): include_once()
#1 C:\xampp\htdocs\wordpress\wp-admin\plugins.php(192): plugin_sandbox_scrape('Pentiminax/Pent...')
#2 {main}
  thrown in C:\xampp\htdocs\wordpress\wp-content\plugins\Pentiminax\Pentiminax.php:14
[14-04-2022 12:25:48] Error E_ERROR: Uncaught Error: Class 'PentiminaxPlugin' not found in C:\xampp\htdocs\wordpress\wp-content\plugins\Pentiminax\Pentiminax.php:14
Stack trace:
#0 C:\xampp\htdocs\wordpress\wp-admin\includes\plugin.php(2288): include_once()
#1 C:\xampp\htdocs\wordpress\wp-admin\plugins.php(192): plugin_sandbox_scrape('Pentiminax/Pent...')
#2 {main}
  thrown in C:\xampp\htdocs\wordpress\wp-content\plugins\Pentiminax\Pentiminax.php:14
[14-04-2022 12:34:46] Error E_WARNING: include_once(C:\xampp\htdocs\wordpress\wp-content\plugins\Pentiminax/views/notices.php): failed to open stream: No such file or directory in C:\xampp\htdocs\wordpress\wp-content\plugins\Pentiminax\src\PentiminaxPlugin.php:44
[14-04-2022 12:34:46] Error E_WARNING: include_once(): Failed opening 'C:\xampp\htdocs\wordpress\wp-content\plugins\Pentiminax/views/notices.php' for inclusion (include_path='C:\xampp\php\PEAR') in C:\xampp\htdocs\wordpress\wp-content\plugins\Pentiminax\src\PentiminaxPlugin.php:44
[14-04-2022 13:01:18] Error E_WARNING: include_once(C:\xampp\htdocs\wordpress\wp-content\plugins\Pentiminax/views/notices.php): failed to open stream: No such file or directory in C:\xampp\htdocs\wordpress\wp-content\plugins\Pentiminax\src\PentiminaxPlugin.php:44
[14-04-2022 13:01:18] Error E_WARNING: include_once(): Failed opening 'C:\xampp\htdocs\wordpress\wp-content\plugins\Pentiminax/views/notices.php' for inclusion (include_path='C:\xampp\php\PEAR') in C:\xampp\htdocs\wordpress\wp-content\plugins\Pentiminax\src\PentiminaxPlugin.php:44
[14-04-2022 13:03:43] Error E_WARNING: include_once(C:\xampp\htdocs\wordpress\wp-content\plugins\Pentiminax/views/notices.php): failed to open stream: No such file or directory in C:\xampp\htdocs\wordpress\wp-content\plugins\Pentiminax\src\PentiminaxPlugin.php:44
[14-04-2022 13:03:43] Error E_WARNING: include_once(): Failed opening 'C:\xampp\htdocs\wordpress\wp-content\plugins\Pentiminax/views/notices.php' for inclusion (include_path='C:\xampp\php\PEAR') in C:\xampp\htdocs\wordpress\wp-content\plugins\Pentiminax\src\PentiminaxPlugin.php:44
[14-04-2022 13:15:04] Error E_WARNING: include_once(C:\xampp\htdocs\wordpress\wp-content\plugins\Pentiminax/views/config.php): failed to open stream: No such file or directory in C:\xampp\htdocs\wordpress\wp-content\plugins\Pentiminax\src\PentiminaxPlugin.php:44
[14-04-2022 13:15:04] Error E_WARNING: include_once(): Failed opening 'C:\xampp\htdocs\wordpress\wp-content\plugins\Pentiminax/views/config.php' for inclusion (include_path='C:\xampp\php\PEAR') in C:\xampp\htdocs\wordpress\wp-content\plugins\Pentiminax\src\PentiminaxPlugin.php:44
[14-04-2022 13:20:01] Error E_WARNING: call_user_func_array() expects parameter 1 to be a valid callback, class 'Pentiminax\DuplicatePost\Controller\AdminController' does not have a method 'admin_init' in C:\xampp\htdocs\wordpress\wp-includes\class-wp-hook.php:307
[14-04-2022 13:20:01] Error E_WARNING: call_user_func_array() expects parameter 1 to be a valid callback, class 'Pentiminax\DuplicatePost\Controller\AdminController' does not have a method 'admin_init' in C:\xampp\htdocs\wordpress\wp-includes\class-wp-hook.php:307
[14-04-2022 13:20:26] Error E_WARNING: call_user_func_array() expects parameter 1 to be a valid callback, class 'Pentiminax\DuplicatePost\Controller\AdminController' does not have a method 'admin_init' in C:\xampp\htdocs\wordpress\wp-includes\class-wp-hook.php:307
[14-04-2022 13:21:30] Error E_WARNING: call_user_func_array() expects parameter 1 to be a valid callback, class 'Pentiminax\DuplicatePost\Controller\AdminController' does not have a method 'admin_init' in C:\xampp\htdocs\wordpress\wp-includes\class-wp-hook.php:307
[14-04-2022 13:22:34] Error E_WARNING: call_user_func_array() expects parameter 1 to be a valid callback, class 'Pentiminax\DuplicatePost\Controller\AdminController' does not have a method 'admin_init' in C:\xampp\htdocs\wordpress\wp-includes\class-wp-hook.php:307
[14-04-2022 13:22:53] Error E_WARNING: call_user_func_array() expects parameter 1 to be a valid callback, class 'Pentiminax\DuplicatePost\Controller\AdminController' does not have a method 'admin_init' in C:\xampp\htdocs\wordpress\wp-includes\class-wp-hook.php:307
[14-04-2022 13:23:09] Error E_WARNING: call_user_func_array() expects parameter 1 to be a valid callback, class 'Pentiminax\DuplicatePost\Controller\AdminController' does not have a method 'admin_init' in C:\xampp\htdocs\wordpress\wp-includes\class-wp-hook.php:307
[14-04-2022 13:23:18] Error E_WARNING: call_user_func_array() expects parameter 1 to be a valid callback, class 'Pentiminax\DuplicatePost\Controller\AdminController' does not have a method 'admin_init' in C:\xampp\htdocs\wordpress\wp-includes\class-wp-hook.php:307
[14-04-2022 13:23:23] Error E_WARNING: call_user_func_array() expects parameter 1 to be a valid callback, class 'Pentiminax\DuplicatePost\Controller\AdminController' does not have a method 'admin_init' in C:\xampp\htdocs\wordpress\wp-includes\class-wp-hook.php:307
[14-04-2022 13:24:27] Error E_WARNING: call_user_func_array() expects parameter 1 to be a valid callback, class 'Pentiminax\DuplicatePost\Controller\AdminController' does not have a method 'admin_init' in C:\xampp\htdocs\wordpress\wp-includes\class-wp-hook.php:307
[14-04-2022 13:26:35] Error E_WARNING: call_user_func_array() expects parameter 1 to be a valid callback, class 'Pentiminax\DuplicatePost\Controller\AdminController' does not have a method 'config_page' in C:\xampp\htdocs\wordpress\wp-includes\class-wp-hook.php:307
[14-04-2022 13:31:46] Error E_WARNING: call_user_func_array() expects parameter 1 to be a valid callback, class 'Pentiminax\DuplicatePost\Controller\AdminController' does not have a method 'admin_init' in C:\xampp\htdocs\wordpress\wp-includes\class-wp-hook.php:307
[14-04-2022 13:31:59] Error E_WARNING: call_user_func_array() expects parameter 1 to be a valid callback, class 'Pentiminax\DuplicatePost\Controller\AdminController' does not have a method 'admin_init' in C:\xampp\htdocs\wordpress\wp-includes\class-wp-hook.php:307
[14-04-2022 13:31:59] Error E_WARNING: include_once(C:\xampp\htdocs\wordpress\wp-content\plugins\Pentiminax/views/config.php): failed to open stream: No such file or directory in C:\xampp\htdocs\wordpress\wp-content\plugins\Pentiminax\src\PentiminaxPlugin.php:44
[14-04-2022 13:31:59] Error E_WARNING: include_once(): Failed opening 'C:\xampp\htdocs\wordpress\wp-content\plugins\Pentiminax/views/config.php' for inclusion (include_path='C:\xampp\php\PEAR') in C:\xampp\htdocs\wordpress\wp-content\plugins\Pentiminax\src\PentiminaxPlugin.php:44
[14-04-2022 13:32:05] Error E_WARNING: call_user_func_array() expects parameter 1 to be a valid callback, class 'Pentiminax\DuplicatePost\Controller\AdminController' does not have a method 'admin_init' in C:\xampp\htdocs\wordpress\wp-includes\class-wp-hook.php:307
[14-04-2022 13:32:05] Error E_WARNING: call_user_func_array() expects parameter 1 to be a valid callback, class 'Pentiminax\DuplicatePost\Controller\AdminController' does not have a method 'admin_init' in C:\xampp\htdocs\wordpress\wp-includes\class-wp-hook.php:307
[14-04-2022 13:33:02] Error E_WARNING: call_user_func_array() expects parameter 1 to be a valid callback, class 'Pentiminax\DuplicatePost\Controller\AdminController' does not have a method 'admin_init' in C:\xampp\htdocs\wordpress\wp-includes\class-wp-hook.php:307
[14-04-2022 13:34:27] Error E_WARNING: call_user_func_array() expects parameter 1 to be a valid callback, class 'Pentiminax\DuplicatePost\Controller\AdminController' does not have a method 'admin_init' in C:\xampp\htdocs\wordpress\wp-includes\class-wp-hook.php:307
[14-04-2022 13:34:28] Error E_WARNING: call_user_func_array() expects parameter 1 to be a valid callback, class 'Pentiminax\DuplicatePost\Controller\AdminController' does not have a method 'admin_init' in C:\xampp\htdocs\wordpress\wp-includes\class-wp-hook.php:307
[14-04-2022 13:34:28] Error E_WARNING: include_once(C:\xampp\htdocs\wordpress\wp-content\plugins\Pentiminax/views/config.php): failed to open stream: No such file or directory in C:\xampp\htdocs\wordpress\wp-content\plugins\Pentiminax\src\PentiminaxPlugin.php:44
[14-04-2022 13:34:28] Error E_WARNING: include_once(): Failed opening 'C:\xampp\htdocs\wordpress\wp-content\plugins\Pentiminax/views/config.php' for inclusion (include_path='C:\xampp\php\PEAR') in C:\xampp\htdocs\wordpress\wp-content\plugins\Pentiminax\src\PentiminaxPlugin.php:44
[14-04-2022 13:35:32] Error E_WARNING: call_user_func_array() expects parameter 1 to be a valid callback, class 'Pentiminax\DuplicatePost\Controller\AdminController' does not have a method 'admin_init' in C:\xampp\htdocs\wordpress\wp-includes\class-wp-hook.php:307
[14-04-2022 13:35:45] Error E_WARNING: call_user_func_array() expects parameter 1 to be a valid callback, class 'Pentiminax\DuplicatePost\Controller\AdminController' does not have a method 'admin_init' in C:\xampp\htdocs\wordpress\wp-includes\class-wp-hook.php:307
[14-04-2022 13:35:45] Error E_WARNING: include_once(C:\xampp\htdocs\wordpress\wp-content\plugins\Pentiminax/views/config.php): failed to open stream: No such file or directory in C:\xampp\htdocs\wordpress\wp-content\plugins\Pentiminax\src\PentiminaxPlugin.php:44
[14-04-2022 13:35:45] Error E_WARNING: include_once(): Failed opening 'C:\xampp\htdocs\wordpress\wp-content\plugins\Pentiminax/views/config.php' for inclusion (include_path='C:\xampp\php\PEAR') in C:\xampp\htdocs\wordpress\wp-content\plugins\Pentiminax\src\PentiminaxPlugin.php:44
[14-04-2022 13:35:52] Error E_WARNING: call_user_func_array() expects parameter 1 to be a valid callback, class 'Pentiminax\DuplicatePost\Controller\AdminController' does not have a method 'admin_init' in C:\xampp\htdocs\wordpress\wp-includes\class-wp-hook.php:307
[14-04-2022 13:35:52] Error E_WARNING: include_once(C:\xampp\htdocs\wordpress\wp-content\plugins\Pentiminax/views/config.php): failed to open stream: No such file or directory in C:\xampp\htdocs\wordpress\wp-content\plugins\Pentiminax\src\PentiminaxPlugin.php:44
[14-04-2022 13:35:52] Error E_WARNING: include_once(): Failed opening 'C:\xampp\htdocs\wordpress\wp-content\plugins\Pentiminax/views/config.php' for inclusion (include_path='C:\xampp\php\PEAR') in C:\xampp\htdocs\wordpress\wp-content\plugins\Pentiminax\src\PentiminaxPlugin.php:44
[14-04-2022 13:35:55] Error E_WARNING: call_user_func_array() expects parameter 1 to be a valid callback, class 'Pentiminax\DuplicatePost\Controller\AdminController' does not have a method 'admin_init' in C:\xampp\htdocs\wordpress\wp-includes\class-wp-hook.php:307
[14-04-2022 13:36:55] Error E_WARNING: call_user_func_array() expects parameter 1 to be a valid callback, class 'Pentiminax\DuplicatePost\Controller\AdminController' does not have a method 'admin_init' in C:\xampp\htdocs\wordpress\wp-includes\class-wp-hook.php:307
[14-04-2022 13:37:54] Error E_WARNING: call_user_func_array() expects parameter 1 to be a valid callback, class 'Pentiminax\DuplicatePost\Controller\AdminController' does not have a method 'admin_init' in C:\xampp\htdocs\wordpress\wp-includes\class-wp-hook.php:307
[14-04-2022 13:37:55] Error E_WARNING: call_user_func_array() expects parameter 1 to be a valid callback, class 'Pentiminax\DuplicatePost\Controller\AdminController' does not have a method 'admin_init' in C:\xampp\htdocs\wordpress\wp-includes\class-wp-hook.php:307
[14-04-2022 13:37:55] Error E_WARNING: include_once(C:\xampp\htdocs\wordpress\wp-content\plugins\Pentiminax/views/config.php): failed to open stream: No such file or directory in C:\xampp\htdocs\wordpress\wp-content\plugins\Pentiminax\src\PentiminaxPlugin.php:44
[14-04-2022 13:37:55] Error E_WARNING: include_once(): Failed opening 'C:\xampp\htdocs\wordpress\wp-content\plugins\Pentiminax/views/config.php' for inclusion (include_path='C:\xampp\php\PEAR') in C:\xampp\htdocs\wordpress\wp-content\plugins\Pentiminax\src\PentiminaxPlugin.php:44
[14-04-2022 13:38:03] Error E_WARNING: call_user_func_array() expects parameter 1 to be a valid callback, class 'Pentiminax\DuplicatePost\Controller\AdminController' does not have a method 'admin_init' in C:\xampp\htdocs\wordpress\wp-includes\class-wp-hook.php:307
[14-04-2022 13:38:05] Error E_WARNING: call_user_func_array() expects parameter 1 to be a valid callback, class 'Pentiminax\DuplicatePost\Controller\AdminController' does not have a method 'admin_init' in C:\xampp\htdocs\wordpress\wp-includes\class-wp-hook.php:307
[14-04-2022 13:38:05] Error E_WARNING: include_once(C:\xampp\htdocs\wordpress\wp-content\plugins\Pentiminax/views/config.php): failed to open stream: No such file or directory in C:\xampp\htdocs\wordpress\wp-content\plugins\Pentiminax\src\PentiminaxPlugin.php:44
[14-04-2022 13:38:05] Error E_WARNING: include_once(): Failed opening 'C:\xampp\htdocs\wordpress\wp-content\plugins\Pentiminax/views/config.php' for inclusion (include_path='C:\xampp\php\PEAR') in C:\xampp\htdocs\wordpress\wp-content\plugins\Pentiminax\src\PentiminaxPlugin.php:44
[14-04-2022 13:38:10] Error E_WARNING: call_user_func_array() expects parameter 1 to be a valid callback, class 'Pentiminax\DuplicatePost\Controller\AdminController' does not have a method 'admin_init' in C:\xampp\htdocs\wordpress\wp-includes\class-wp-hook.php:307
[14-04-2022 13:38:15] Error E_WARNING: call_user_func_array() expects parameter 1 to be a valid callback, class 'Pentiminax\DuplicatePost\Controller\AdminController' does not have a method 'admin_init' in C:\xampp\htdocs\wordpress\wp-includes\class-wp-hook.php:307
[14-04-2022 13:38:21] Error E_WARNING: call_user_func_array() expects parameter 1 to be a valid callback, class 'Pentiminax\DuplicatePost\Controller\AdminController' does not have a method 'admin_init' in C:\xampp\htdocs\wordpress\wp-includes\class-wp-hook.php:307
[14-04-2022 13:38:21] Error E_WARNING: include_once(C:\xampp\htdocs\wordpress\wp-content\plugins\Pentiminax/views/config.php): failed to open stream: No such file or directory in C:\xampp\htdocs\wordpress\wp-content\plugins\Pentiminax\src\PentiminaxPlugin.php:44
[14-04-2022 13:38:21] Error E_WARNING: include_once(): Failed opening 'C:\xampp\htdocs\wordpress\wp-content\plugins\Pentiminax/views/config.php' for inclusion (include_path='C:\xampp\php\PEAR') in C:\xampp\htdocs\wordpress\wp-content\plugins\Pentiminax\src\PentiminaxPlugin.php:44
[14-04-2022 13:39:24] Error E_WARNING: call_user_func_array() expects parameter 1 to be a valid callback, class 'Pentiminax\DuplicatePost\Controller\AdminController' does not have a method 'admin_init' in C:\xampp\htdocs\wordpress\wp-includes\class-wp-hook.php:307
[14-04-2022 13:39:46] Error E_WARNING: call_user_func_array() expects parameter 1 to be a valid callback, class 'Pentiminax\DuplicatePost\Controller\AdminController' does not have a method 'admin_init' in C:\xampp\htdocs\wordpress\wp-includes\class-wp-hook.php:307
[14-04-2022 13:39:46] Error E_WARNING: include_once(C:\xampp\htdocs\wordpress\wp-content\plugins\Pentiminax/views/config.php): failed to open stream: No such file or directory in C:\xampp\htdocs\wordpress\wp-content\plugins\Pentiminax\src\PentiminaxPlugin.php:44
[14-04-2022 13:39:46] Error E_WARNING: include_once(): Failed opening 'C:\xampp\htdocs\wordpress\wp-content\plugins\Pentiminax/views/config.php' for inclusion (include_path='C:\xampp\php\PEAR') in C:\xampp\htdocs\wordpress\wp-content\plugins\Pentiminax\src\PentiminaxPlugin.php:44
[14-04-2022 13:42:35] Error E_WARNING: include_once(C:\xampp\htdocs\wordpress\wp-content\plugins\Pentiminax/views/config.php): failed to open stream: No such file or directory in C:\xampp\htdocs\wordpress\wp-content\plugins\Pentiminax\src\PentiminaxPlugin.php:44
[14-04-2022 13:42:35] Error E_WARNING: include_once(): Failed opening 'C:\xampp\htdocs\wordpress\wp-content\plugins\Pentiminax/views/config.php' for inclusion (include_path='C:\xampp\php\PEAR') in C:\xampp\htdocs\wordpress\wp-content\plugins\Pentiminax\src\PentiminaxPlugin.php:44
[14-04-2022 13:42:40] Error E_WARNING: include_once(C:\xampp\htdocs\wordpress\wp-content\plugins\Pentiminax/views/config.php): failed to open stream: No such file or directory in C:\xampp\htdocs\wordpress\wp-content\plugins\Pentiminax\src\PentiminaxPlugin.php:44
[14-04-2022 13:42:40] Error E_WARNING: include_once(): Failed opening 'C:\xampp\htdocs\wordpress\wp-content\plugins\Pentiminax/views/config.php' for inclusion (include_path='C:\xampp\php\PEAR') in C:\xampp\htdocs\wordpress\wp-content\plugins\Pentiminax\src\PentiminaxPlugin.php:44
[14-04-2022 13:43:40] Error E_WARNING: call_user_func() expects parameter 1 to be a valid callback, class 'Pentiminax\DuplicatePost\Controller\AdminController' does not have a method 'redirect_to_render' in C:\xampp\htdocs\wordpress\wp-admin\includes\template.php:1743
[14-04-2022 13:59:50] Error E_WARNING: call_user_func() expects parameter 1 to be a valid callback, class 'Pentiminax\DuplicatePost\Controller\AdminController' does not have a method 'redirect_to_render' in C:\xampp\htdocs\wordpress\wp-admin\includes\template.php:1743
[14-04-2022 14:23:52] Error E_WARNING: call_user_func_array() expects parameter 1 to be a valid callback, class 'Pentiminax\DuplicatePost\Controller\AdminController' does not have a method 'duplicate_post' in C:\xampp\htdocs\wordpress\wp-includes\class-wp-hook.php:307
[14-04-2022 14:34:19] Error E_ERROR: Uncaught Error: Call to undefined method Pentiminax\DuplicatePost\Controller\AdminController::verify_request() in C:\xampp\htdocs\wordpress\wp-content\plugins\Pentiminax\src\controller\AdminController.php:74
Stack trace:
#0 C:\xampp\htdocs\wordpress\wp-includes\class-wp-hook.php(307): Pentiminax\DuplicatePost\Controller\AdminController->duplicate_post('')
#1 C:\xampp\htdocs\wordpress\wp-includes\class-wp-hook.php(331): WP_Hook->apply_filters('', Array)
#2 C:\xampp\htdocs\wordpress\wp-includes\plugin.php(474): WP_Hook->do_action(Array)
#3 C:\xampp\htdocs\wordpress\wp-admin\admin.php(419): do_action('admin_action_du...')
#4 {main}
  thrown in C:\xampp\htdocs\wordpress\wp-content\plugins\Pentiminax\src\controller\AdminController.php:74
